<?xml version="1.0" encoding="UTF-8"?>
<!-- Generated by org.testng.reporters.JUnitXMLReporter -->
<testsuite ignored="0" hostname="L040E3CD4B6F4" failures="0" tests="8" name="Default test" time="0.056" errors="0" timestamp="2021-05-21T00:13:54 CLT">
  <testcase classname="com.tests.TestNG_0001" name="@BeforeClass Before" time="-1.621570434873E9">
    <failure type="org.testng.TestNGException" message="
Can inject only one of &amp;lt;ITestContext, XmlTest&amp;gt; into a @BeforeClass annotated Before.
For more information on native dependency injection please refer to https://testng.org/doc/documentation-main.html#native-dependency-injection">
      <![CDATA[org.testng.TestNGException: 
Can inject only one of <ITestContext, XmlTest> into a @BeforeClass annotated Before.
For more information on native dependency injection please refer to https://testng.org/doc/documentation-main.html#native-dependency-injection
at org.testng.internal.Parameters.checkParameterTypes(Parameters.java:439)
at org.testng.internal.Parameters.createParametersForMethod(Parameters.java:353)
at org.testng.internal.Parameters.createParameters(Parameters.java:708)
at org.testng.internal.Parameters.createConfigurationParameters(Parameters.java:168)
at org.testng.internal.ConfigInvoker.invokeConfigurations(ConfigInvoker.java:302)
at org.testng.internal.TestMethodWorker.invokeBeforeClassMethods(TestMethodWorker.java:176)
at org.testng.internal.TestMethodWorker.run(TestMethodWorker.java:122)
at java.base/java.util.ArrayList.forEach(ArrayList.java:1511)
at org.testng.TestRunner.privateRun(TestRunner.java:794)
at org.testng.TestRunner.run(TestRunner.java:596)
at org.testng.SuiteRunner.runTest(SuiteRunner.java:377)
at org.testng.SuiteRunner.runSequentially(SuiteRunner.java:371)
at org.testng.SuiteRunner.privateRun(SuiteRunner.java:332)
at org.testng.SuiteRunner.run(SuiteRunner.java:276)
at org.testng.SuiteRunnerWorker.runSuite(SuiteRunnerWorker.java:53)
at org.testng.SuiteRunnerWorker.run(SuiteRunnerWorker.java:96)
at org.testng.TestNG.runSuitesSequentially(TestNG.java:1212)
at org.testng.TestNG.runSuitesLocally(TestNG.java:1134)
at org.testng.TestNG.runSuites(TestNG.java:1063)
at org.testng.TestNG.run(TestNG.java:1031)
at org.testng.remote.AbstractRemoteTestNG.run(AbstractRemoteTestNG.java:115)
at org.testng.remote.RemoteTestNG.initAndRun(RemoteTestNG.java:251)
at org.testng.remote.RemoteTestNG.main(RemoteTestNG.java:77)
]]>
    </failure>
  </testcase> <!-- @BeforeClass Before -->
  <testcase classname="com.tests.TestNG_0001" name="@AfterClass AfterClass" time="-1.621570434912E9">
    <skipped/>
  </testcase> <!-- @AfterClass AfterClass -->
  <testcase classname="com.tests.TestNG_0001" name="Test01" time="0.0">
    <skipped/>
  </testcase> <!-- Test01 -->
  <testcase classname="com.tests.TestNG_0001" name="Test02" time="0.0">
    <skipped/>
  </testcase> <!-- Test02 -->
  <testcase classname="com.tests.TestNG_0001" name="Test03" time="0.0">
    <skipped/>
  </testcase> <!-- Test03 -->
  <testcase classname="com.tests.TestNG_0001" name="Test04" time="0.0">
    <skipped/>
  </testcase> <!-- Test04 -->
  <testcase classname="com.tests.TestNG_0001" name="Test05" time="0.0">
    <skipped/>
  </testcase> <!-- Test05 -->
  <testcase classname="com.tests.TestNG_0001" name="Test06" time="0.0">
    <skipped/>
  </testcase> <!-- Test06 -->
  <testcase classname="com.tests.TestNG_0001" name="Test07" time="0.0">
    <skipped/>
  </testcase> <!-- Test07 -->
  <testcase classname="com.tests.TestNG_0001" name="Test08" time="0.0">
    <skipped/>
  </testcase> <!-- Test08 -->
</testsuite> <!-- Default test -->
