<?xml version="1.0" encoding="UTF-8"?>
<!-- Generated by org.testng.reporters.JUnitXMLReporter -->
<testsuite ignored="0" hostname="L040E3CD4B6F4" failures="0" tests="8" name="Test_NG" time="0.078" errors="0" timestamp="2021-05-20T16:27:48 CLT">
  <testcase classname="com.tests.TestNG_0001" name="Test01" time="0.006"/>
  <testcase classname="com.tests.TestNG_0001" name="Test02" time="0.001"/>
  <testcase classname="com.tests.TestNG_0001" name="Test03" time="0.001"/>
  <testcase classname="com.tests.TestNG_0001" name="Test04" time="0.002"/>
  <testcase classname="com.tests.TestNG_0001" name="Test05" time="0.001"/>
  <testcase classname="com.tests.TestNG_0001" name="Test06" time="0.03"/>
  <testcase classname="com.tests.TestNG_0001" name="Test07" time="0.001"/>
  <testcase classname="com.tests.TestNG_0001" name="Test08" time="0.001"/>
</testsuite> <!-- Test_NG -->
