<?xml version="1.0" encoding="UTF-8"?>
<!-- Generated by org.testng.reporters.JUnitXMLReporter -->
<testsuite ignored="0" hostname="L040E3CD4B6F4" failures="0" tests="8" name="TestFirefox" time="0.028" errors="0" timestamp="2021-05-20T23:32:16 CLT">
  <testcase classname="com.tests.TestNG_0001" name="@BeforeClass Before" time="0.001">
    <failure type="java.lang.NullPointerException" message="Cannot invoke &amp;quot;org.openqa.selenium.WebDriver.get(String)&amp;quot; because &amp;quot;this.driver&amp;quot; is null">
      <![CDATA[java.lang.NullPointerException: Cannot invoke "org.openqa.selenium.WebDriver.get(String)" because "this.driver" is null
at com.tests.TestNG_0001.Before(TestNG_0001.java:39)
at java.base/java.util.ArrayList.forEach(ArrayList.java:1511)
... Removed 25 stack frames]]>
    </failure>
  </testcase> <!-- @BeforeClass Before -->
  <testcase classname="com.tests.TestNG_0001" name="@AfterClass After" time="-1.621567936708E9">
    <skipped/>
  </testcase> <!-- @AfterClass After -->
  <testcase classname="com.tests.TestNG_0001" name="Test01" time="0.0">
    <skipped/>
  </testcase> <!-- Test01 -->
  <testcase classname="com.tests.TestNG_0001" name="Test02" time="0.0">
    <skipped/>
  </testcase> <!-- Test02 -->
  <testcase classname="com.tests.TestNG_0001" name="Test03" time="0.0">
    <skipped/>
  </testcase> <!-- Test03 -->
  <testcase classname="com.tests.TestNG_0001" name="Test04" time="0.0">
    <skipped/>
  </testcase> <!-- Test04 -->
  <testcase classname="com.tests.TestNG_0001" name="Test05" time="0.0">
    <skipped/>
  </testcase> <!-- Test05 -->
  <testcase classname="com.tests.TestNG_0001" name="Test06" time="0.0">
    <skipped/>
  </testcase> <!-- Test06 -->
  <testcase classname="com.tests.TestNG_0001" name="Test07" time="0.0">
    <skipped/>
  </testcase> <!-- Test07 -->
  <testcase classname="com.tests.TestNG_0001" name="Test08" time="0.0">
    <skipped/>
  </testcase> <!-- Test08 -->
</testsuite> <!-- TestFirefox -->
