<?xml version="1.0" encoding="UTF-8"?>
<!-- Generated by org.testng.reporters.JUnitXMLReporter -->
<testsuite ignored="0" hostname="L040E3CD4B6F4" failures="0" tests="8" name="Test on Chrome" time="15.74" errors="0" timestamp="2021-05-21T00:16:35 CLT">
  <testcase classname="com.tests.TestNG_0001" name="Test01" time="0.011"/>
  <testcase classname="com.tests.TestNG_0001" name="Test02" time="0.003"/>
  <testcase classname="com.tests.TestNG_0001" name="Test03" time="0.002"/>
  <testcase classname="com.tests.TestNG_0001" name="Test04" time="0.002"/>
  <testcase classname="com.tests.TestNG_0001" name="Test05" time="0.003"/>
  <testcase classname="com.tests.TestNG_0001" name="Test06" time="0.002"/>
  <testcase classname="com.tests.TestNG_0001" name="Test07" time="0.003"/>
  <testcase classname="com.tests.TestNG_0001" name="Test08" time="0.004"/>
</testsuite> <!-- Test on Chrome -->
