<?xml version="1.0" encoding="UTF-8"?>
<!-- Generated by org.testng.reporters.JUnitXMLReporter -->
<testsuite ignored="0" hostname="L040E3CD4B6F4" failures="0" tests="16" name="Test on Internet Explorer" time="35.836" errors="0" timestamp="2021-05-29T17:29:29 CLT">
  <testcase classname="com.tests.TestNG_0001" name="Test01" time="8.067"/>
  <testcase classname="com.tests.TestNG_0001" name="Test02" time="0.001"/>
  <testcase classname="com.tests.TestNG_0001" name="Test03" time="0.001"/>
  <testcase classname="com.tests.TestNG_0001" name="Test04" time="0.001"/>
  <testcase classname="com.tests.TestNG_0001" name="Test05" time="0.001"/>
  <testcase classname="com.tests.TestNG_0001" name="Test06" time="0.001"/>
  <testcase classname="com.tests.TestNG_0001" name="Test07" time="0.0"/>
  <testcase classname="com.tests.TestNG_0001" name="Test08" time="0.001"/>
  <testcase classname="com.tests.TestNG_0002" name="Test01" time="8.179"/>
  <testcase classname="com.tests.TestNG_0002" name="Test02" time="0.0"/>
  <testcase classname="com.tests.TestNG_0002" name="Test03" time="0.001"/>
  <testcase classname="com.tests.TestNG_0002" name="Test04" time="0.001"/>
  <testcase classname="com.tests.TestNG_0002" name="Test05" time="0.001"/>
  <testcase classname="com.tests.TestNG_0002" name="Test06" time="0.001"/>
  <testcase classname="com.tests.TestNG_0002" name="Test07" time="0.0"/>
  <testcase classname="com.tests.TestNG_0002" name="Test08" time="0.001"/>
</testsuite> <!-- Test on Internet Explorer -->
