<?xml version="1.0" encoding="UTF-8"?>
<!-- Generated by org.testng.reporters.JUnitXMLReporter -->
<testsuite ignored="0" hostname="DESKTOP-TBCIQT8" failures="0" tests="8" name="Test on Internet Explorer" time="18.474" errors="0" timestamp="2021-05-22T20:25:22 CLT">
  <testcase classname="com.tests.TestNG_0001" name="Test01" time="7.986"/>
  <testcase classname="com.tests.TestNG_0001" name="Test02" time="0.003"/>
  <testcase classname="com.tests.TestNG_0001" name="Test03" time="0.009"/>
  <testcase classname="com.tests.TestNG_0001" name="Test04" time="0.008"/>
  <testcase classname="com.tests.TestNG_0001" name="Test05" time="0.003"/>
  <testcase classname="com.tests.TestNG_0001" name="Test06" time="0.003"/>
  <testcase classname="com.tests.TestNG_0001" name="Test07" time="0.003"/>
  <testcase classname="com.tests.TestNG_0001" name="Test08" time="0.004"/>
</testsuite> <!-- Test on Internet Explorer -->
