<?xml version="1.0" encoding="UTF-8"?>
<!-- Generated by org.testng.reporters.JUnitXMLReporter -->
<testsuite ignored="0" hostname="DESKTOP-TBCIQT8" failures="0" tests="8" name="Test" time="28.217" errors="0" timestamp="2021-05-23T22:44:16 CLT">
  <testcase classname="com.tests.TestNG_0001" name="Test01" time="9.569"/>
  <testcase classname="com.tests.TestNG_0001" name="Test02" time="0.014"/>
  <testcase classname="com.tests.TestNG_0001" name="Test03" time="0.043"/>
  <testcase classname="com.tests.TestNG_0001" name="Test04" time="0.012"/>
  <testcase classname="com.tests.TestNG_0001" name="Test05" time="0.016"/>
  <testcase classname="com.tests.TestNG_0001" name="Test06" time="0.016"/>
  <testcase classname="com.tests.TestNG_0001" name="Test07" time="0.017"/>
  <testcase classname="com.tests.TestNG_0001" name="Test08" time="0.007"/>
</testsuite> <!-- Test -->
