-------------------------------------------------------------------------------
Test set: com.tests.Tests
-------------------------------------------------------------------------------
Tests run: 8, Failures: 1, Errors: 0, Skipped: 0, Time elapsed: 0.121 s <<< FAILURE! - in com.tests.Tests
Test03(com.tests.Tests)  Time elapsed: 0.008 s  <<< FAILURE!
java.lang.AssertionError: expected:<24> but was:<25>
	at com.tests.Tests.Test03(Tests.java:35)

