<?xml version="1.0" encoding="UTF-8"?>
<testsuite xmlns:xsi="http://www.w3.org/2001/XMLSchema-instance" xsi:noNamespaceSchemaLocation="https://maven.apache.org/surefire/maven-surefire-plugin/xsd/surefire-test-report.xsd" name="com.jhonatan.Tests" time="0.065" tests="5" errors="0" skipped="0" failures="0">
  <properties>
[...]
</properties>
  <testcase name="Test01" classname="com.jhonatan.Tests" time="0.004"/>
  <testcase name="Test02" classname="com.jhonatan.Tests" time="0.001"/>
  <testcase name="Test03" classname="com.jhonatan.Tests" time="0.002"/>
  <testcase name="Test04" classname="com.jhonatan.Tests" time="0.001"/>
  <testcase name="Test05" classname="com.jhonatan.Tests" time="0.002"/>
</testsuite>